app/build/outputs/logs/manifest-merger-debug-report.txt
-- Merging decision tree log ---
manifest
ADDED from src\main\AndroidManifest.xml:2:1-259:12
	package
		ADDED from src\main\AndroidManifest.xml:3:11-37
		INJECTED from src\main\AndroidManifest.xml
		INJECTED from src\main\AndroidManifest.xml
	android:versionName
		INJECTED from src\main\AndroidManifest.xml
		INJECTED from src\main\AndroidManifest.xml
	xmlns:android
		ADDED from src\main\AndroidManifest.xml:2:11-69
	android:versionCode
		INJECTED from src\main\AndroidManifest.xml
		INJECTED from src\main\AndroidManifest.xml
uses-permission#android.permission.WRITE_EXTERNAL_STORAGE
ADDED from src\main\AndroidManifest.xml:6:5-80
MERGED from [YohoSocial6:imgselectlibrary:unspecified] AndroidManifest.xml:12:5-81
MERGED from [YohoSocial6:GlideImageView:unspecified] AndroidManifest.xml:13:5-81
MERGED from [YohoSocial6:IMKit:unspecified] AndroidManifest.xml:12:5-81
MERGED from [YohoSocial6:IMLib:unspecified] AndroidManifest.xml:11:5-81
	android:name
		ADDED from src\main\AndroidManifest.xml:6:22-78
uses-permission#android.permission.READ_EXTERNAL_STORAGE
ADDED from src\main\AndroidManifest.xml:7:5-79
MERGED from [YohoSocial6:imgselectlibrary:unspecified] AndroidManifest.xml:11:5-80
MERGED from [YohoSocial6:GlideImageView:unspecified] AndroidManifest.xml:12:5-80
MERGED from [YohoSocial6:IMKit:unspecified] AndroidManifest.xml:11:5-80
	android:name
		ADDED from src\main\AndroidManifest.xml:7:22-77
uses-permission#android.permission.INTERNET
ADDED from src\main\AndroidManifest.xml:9:5-66
MERGED from [YohoSocial6:GlideImageView:unspecified] AndroidManifest.xml:11:5-67
MERGED from [YohoSocial6:IMKit:unspecified] AndroidManifest.xml:13:5-67
MERGED from [YohoSocial6:IMLib:unspecified] AndroidManifest.xml:12:5-67
	android:name
		ADDED from src\main\AndroidManifest.xml:9:22-64
uses-permission#android.permission.CHANGE_NETWORK_STATE
ADDED from src\main\AndroidManifest.xml:10:5-78
	android:name
		ADDED from src\main\AndroidManifest.xml:10:22-76
uses-permission#android.permission.CHANGE_WIFI_STATE
ADDED from src\main\AndroidManifest.xml:11:5-75
MERGED from [YohoSocial6:IMKit:unspecified] AndroidManifest.xml:31:5-76
	android:name
		ADDED from src\main\AndroidManifest.xml:11:22-73
uses-permission#android.permission.ACCESS_NETWORK_STATE
ADDED from src\main\AndroidManifest.xml:12:5-78
MERGED from [YohoSocial6:IMKit:unspecified] AndroidManifest.xml:14:5-79
MERGED from [YohoSocial6:IMLib:unspecified] AndroidManifest.xml:13:5-79
	android:name
		ADDED from src\main\AndroidManifest.xml:12:22-76
uses-permission#android.permission.ACCESS_WIFI_STATE
ADDED from src\main\AndroidManifest.xml:13:5-75
MERGED from [YohoSocial6:IMKit:unspecified] AndroidManifest.xml:16:5-76
MERGED from [YohoSocial6:IMLib:unspecified] AndroidManifest.xml:14:5-76
	android:name
		ADDED from src\main\AndroidManifest.xml:13:22-73
uses-permission#android.permission.ACCESS_COARSE_LOCATION
ADDED from src\main\AndroidManifest.xml:15:5-80
MERGED from [YohoSocial6:IMKit:unspecified] AndroidManifest.xml:15:5-81
	android:name
		ADDED from src\main\AndroidManifest.xml:15:22-78
uses-permission#android.permission.ACCESS_FINE_LOCATION
ADDED from src\main\AndroidManifest.xml:16:5-78
MERGED from [YohoSocial6:IMLib:unspecified] AndroidManifest.xml:21:5-79
	android:name
		ADDED from src\main\AndroidManifest.xml:16:22-76
uses-permission#android.permission.READ_PHONE_STATE
ADDED from src\main\AndroidManifest.xml:17:5-74
MERGED from [YohoSocial6:IMKit:unspecified] AndroidManifest.xml:18:5-75
MERGED from [YohoSocial6:IMLib:unspecified] AndroidManifest.xml:15:5-75
	android:name
		ADDED from src\main\AndroidManifest.xml:17:22-72
uses-permission#android.permission.CAMERA
ADDED from src\main\AndroidManifest.xml:18:5-64
MERGED from [YohoSocial6:IMKit:unspecified] AndroidManifest.xml:26:5-65
	android:name
		ADDED from src\main\AndroidManifest.xml:18:22-62
uses-permission#android.permission.ACCESS_LOCATION_EXTRA_COMMANDS
ADDED from src\main\AndroidManifest.xml:20:5-89
	android:name
		ADDED from src\main\AndroidManifest.xml:20:22-86
permission#com.iyoho.social.permission.JPUSH_MESSAGE
ADDED from src\main\AndroidManifest.xml:22:5-24:47
	android:protectionLevel
		ADDED from src\main\AndroidManifest.xml:24:9-44
	android:name
		ADDED from src\main\AndroidManifest.xml:23:9-65
uses-permission#com.iyoho.social.permission.JPUSH_MESSAGE
ADDED from src\main\AndroidManifest.xml:26:5-81
	android:name
		ADDED from src\main\AndroidManifest.xml:26:22-78
uses-permission#android.permission.RECEIVE_USER_PRESENT
ADDED from src\main\AndroidManifest.xml:27:5-79
	android:name
		ADDED from src\main\AndroidManifest.xml:27:22-76
uses-permission#android.permission.WAKE_LOCK
ADDED from src\main\AndroidManifest.xml:28:5-68
MERGED from [YohoSocial6:IMKit:unspecified] AndroidManifest.xml:23:5-68
MERGED from [YohoSocial6:IMLib:unspecified] AndroidManifest.xml:18:5-68
	android:name
		ADDED from src\main\AndroidManifest.xml:28:22-65
uses-permission#android.permission.WRITE_SETTINGS
ADDED from src\main\AndroidManifest.xml:29:5-73
MERGED from [YohoSocial6:IMKit:unspecified] AndroidManifest.xml:27:5-73
	android:name
		ADDED from src\main\AndroidManifest.xml:29:22-70
uses-permission#android.permission.VIBRATE
ADDED from src\main\AndroidManifest.xml:30:5-66
MERGED from [YohoSocial6:IMKit:unspecified] AndroidManifest.xml:25:5-66
MERGED from [YohoSocial6:IMLib:unspecified] AndroidManifest.xml:20:5-66
	android:name
		ADDED from src\main\AndroidManifest.xml:30:22-63
uses-permission#android.permission.MOUNT_UNMOUNT_FILESYSTEMS
ADDED from src\main\AndroidManifest.xml:31:5-84
	android:name
		ADDED from src\main\AndroidManifest.xml:31:22-81
uses-permission#android.permission.SYSTEM_ALERT_WINDOW
ADDED from src\main\AndroidManifest.xml:33:5-78
MERGED from [YohoSocial6:IMKit:unspecified] AndroidManifest.xml:30:5-78
	android:name
		ADDED from src\main\AndroidManifest.xml:33:22-75
uses-permission#android.permission.GET_TASKS
ADDED from src\main\AndroidManifest.xml:34:5-68
MERGED from [YohoSocial6:IMKit:unspecified] AndroidManifest.xml:22:5-68
MERGED from [YohoSocial6:IMLib:unspecified] AndroidManifest.xml:17:5-68
	android:name
		ADDED from src\main\AndroidManifest.xml:34:22-65
uses-permission#com.android.launcher.permission.READ_SETTINGS
ADDED from src\main\AndroidManifest.xml:37:5-85
	android:name
		ADDED from src\main\AndroidManifest.xml:37:22-82
application
ADDED from src\main\AndroidManifest.xml:38:5-257:19
MERGED from [YohoSocial6:imgselectlibrary:unspecified] AndroidManifest.xml:14:5-33:19
MERGED from [com.isseiaoki:simplecropview:1.0.13] AndroidManifest.xml:11:5-12:19
MERGED from [com.yuyh.easyadapter:library:1.0.0] AndroidManifest.xml:11:5-15:19
MERGED from [YohoSocial6:GlideImageView:unspecified] AndroidManifest.xml:15:5-18:38
MERGED from [YohoSocial6:swipetoloadlayoutlibrary:unspecified] AndroidManifest.xml:12:5-20
MERGED from [com.android.support:appcompat-v7:26.0.0-alpha1] AndroidManifest.xml:29:5-20
MERGED from [com.android.support:animated-vector-drawable:26.0.0-alpha1] AndroidManifest.xml:26:5-20
MERGED from [com.android.support:support-vector-drawable:26.0.0-alpha1] AndroidManifest.xml:26:5-20
MERGED from [com.zhousf.lib:okhttp3:2.9.1.2] AndroidManifest.xml:11:5-15:19
MERGED from [com.android.support.constraint:constraint-layout:1.0.2] AndroidManifest.xml:9:5-20
MERGED from [:smssdk:] AndroidManifest.xml:11:5-12:19
MERGED from [:smssdkgui:] AndroidManifest.xml:11:5-12:19
MERGED from [YohoSocial6:IMKit:unspecified] AndroidManifest.xml:33:5-96:19
MERGED from [com.android.support:support-v4:26.0.0-alpha1] AndroidManifest.xml:29:5-20
MERGED from [com.android.support:support-media-compat:26.0.0-alpha1] AndroidManifest.xml:29:5-20
MERGED from [com.android.support:support-fragment:26.0.0-alpha1] AndroidManifest.xml:29:5-20
MERGED from [com.android.support:support-core-ui:26.0.0-alpha1] AndroidManifest.xml:29:5-20
MERGED from [com.android.support:support-core-utils:26.0.0-alpha1] AndroidManifest.xml:29:5-20
MERGED from [com.android.support:support-compat:26.0.0-alpha1] AndroidManifest.xml:29:5-20
MERGED from [YohoSocial6:IMLib:unspecified] AndroidManifest.xml:24:5-95:19
	android:label
		ADDED from src\main\AndroidManifest.xml:42:9-41
	android:supportsRtl
		ADDED from src\main\AndroidManifest.xml:44:9-35
	android:roundIcon
		ADDED from src\main\AndroidManifest.xml:43:9-54
	android:allowBackup
		ADDED from src\main\AndroidManifest.xml:40:9-35
	android:icon
		ADDED from src\main\AndroidManifest.xml:41:9-43
	android:theme
		ADDED from src\main\AndroidManifest.xml:45:9-40
	android:name
		ADDED from src\main\AndroidManifest.xml:39:9-46
activity#com.iyoho.social.activity.welcome.WelcomeActivity
ADDED from src\main\AndroidManifest.xml:46:9-52:20
	android:name
		ADDED from src\main\AndroidManifest.xml:46:19-67
intent-filter#android.intent.action.MAIN+android.intent.category.LAUNCHER
ADDED from src\main\AndroidManifest.xml:47:13-51:29
action#android.intent.action.MAIN
ADDED from src\main\AndroidManifest.xml:48:17-68
	android:name
		ADDED from src\main\AndroidManifest.xml:48:25-66
category#android.intent.category.LAUNCHER
ADDED from src\main\AndroidManifest.xml:50:17-76
	android:name
		ADDED from src\main\AndroidManifest.xml:50:27-74
activity#com.iyoho.social.activity.MainTabActivity
ADDED from src\main\AndroidManifest.xml:53:9-67:20
	android:screenOrientation
		ADDED from src\main\AndroidManifest.xml:55:13-49
	android:name
		ADDED from src\main\AndroidManifest.xml:54:13-53
intent-filter#android.intent.action.VIEW+android.intent.category.DEFAULT
ADDED from src\main\AndroidManifest.xml:56:13-65:29
action#android.intent.action.VIEW
ADDED from src\main\AndroidManifest.xml:57:17-68
	android:name
		ADDED from src\main\AndroidManifest.xml:57:25-66
category#android.intent.category.DEFAULT
ADDED from src\main\AndroidManifest.xml:59:17-75
	android:name
		ADDED from src\main\AndroidManifest.xml:59:27-73
data
ADDED from src\main\AndroidManifest.xml:61:17-64:45
	android:host
		ADDED from src\main\AndroidManifest.xml:62:21-52
	android:scheme
		ADDED from src\main\AndroidManifest.xml:64:21-42
	android:pathPrefix
		ADDED from src\main\AndroidManifest.xml:63:21-55
activity#com.iyoho.social.activity.MainActivity
ADDED from src\main\AndroidManifest.xml:68:9-70:51
	android:screenOrientation
		ADDED from src\main\AndroidManifest.xml:70:13-49
	android:name
		ADDED from src\main\AndroidManifest.xml:69:13-50
activity#com.iyoho.social.activity.EventBus1Activity
ADDED from src\main\AndroidManifest.xml:71:9-73:51
	android:screenOrientation
		ADDED from src\main\AndroidManifest.xml:73:13-49
	android:name
		ADDED from src\main\AndroidManifest.xml:72:13-55
activity#com.iyoho.social.activity.EventBus2Activity
ADDED from src\main\AndroidManifest.xml:74:9-76:51
	android:screenOrientation
		ADDED from src\main\AndroidManifest.xml:76:13-49
	android:name
		ADDED from src\main\AndroidManifest.xml:75:13-55
activity#com.iyoho.social.activity.SelectAlbumActivity
ADDED from src\main\AndroidManifest.xml:77:9-79:51
	android:screenOrientation
		ADDED from src\main\AndroidManifest.xml:79:13-49
	android:name
		ADDED from src\main\AndroidManifest.xml:78:13-57
activity#com.iyoho.social.scanner.CaptureActivity
ADDED from src\main\AndroidManifest.xml:80:9-82:51
	android:screenOrientation
		ADDED from src\main\AndroidManifest.xml:82:13-49
	android:name
		ADDED from src\main\AndroidManifest.xml:81:13-52
meta-data#design_width
ADDED from src\main\AndroidManifest.xml:84:9-86:34
	android:value
		ADDED from src\main\AndroidManifest.xml:86:13-32
	android:name
		ADDED from src\main\AndroidManifest.xml:85:13-40
meta-data#design_height
ADDED from src\main\AndroidManifest.xml:87:9-89:35
	android:value
		ADDED from src\main\AndroidManifest.xml:89:13-33
	android:name
		ADDED from src\main\AndroidManifest.xml:88:13-41
activity#com.iyoho.social.activity.SwipeToLoadActivity
ADDED from src\main\AndroidManifest.xml:91:9-92:20
	android:name
		ADDED from src\main\AndroidManifest.xml:91:19-63
activity#com.umeng.socialize.media.WBShareCallBackActivity
ADDED from src\main\AndroidManifest.xml:96:9-102:20
	android:screenOrientation
		ADDED from src\main\AndroidManifest.xml:101:13-49
	android:exported
		ADDED from src\main\AndroidManifest.xml:100:13-37
	android:configChanges
		ADDED from src\main\AndroidManifest.xml:98:13-63
	android:theme
		ADDED from src\main\AndroidManifest.xml:99:13-72
	android:name
		ADDED from src\main\AndroidManifest.xml:97:13-77
activity#com.sina.weibo.sdk.share.WbShareTransActivity
ADDED from src\main\AndroidManifest.xml:104:9-113:20
	android:launchMode
		ADDED from src\main\AndroidManifest.xml:106:13-44
	android:theme
		ADDED from src\main\AndroidManifest.xml:105:13-83
	android:name
		ADDED from src\main\AndroidManifest.xml:107:13-73
intent-filter#android.intent.category.DEFAULT+com.sina.weibo.sdk.action.ACTION_SDK_REQ_ACTIVITY
ADDED from src\main\AndroidManifest.xml:108:13-111:29
action#com.sina.weibo.sdk.action.ACTION_SDK_REQ_ACTIVITY
ADDED from src\main\AndroidManifest.xml:109:17-92
	android:name
		ADDED from src\main\AndroidManifest.xml:109:25-89
activity#com.umeng.qq.tencent.AuthActivity
ADDED from src\main\AndroidManifest.xml:116:9-126:20
	android:launchMode
		ADDED from src\main\AndroidManifest.xml:118:13-44
	android:noHistory
		ADDED from src\main\AndroidManifest.xml:119:13-37
	android:name
		ADDED from src\main\AndroidManifest.xml:117:13-61
intent-filter#android.intent.action.VIEW+android.intent.category.BROWSABLE+android.intent.category.DEFAULT
ADDED from src\main\AndroidManifest.xml:120:13-125:29
category#android.intent.category.BROWSABLE
ADDED from src\main\AndroidManifest.xml:123:17-77
	android:name
		ADDED from src\main\AndroidManifest.xml:123:27-75
activity#com.umeng.qq.tencent.AssistActivity
ADDED from src\main\AndroidManifest.xml:127:9-131:84
	android:screenOrientation
		ADDED from src\main\AndroidManifest.xml:130:13-49
	android:configChanges
		ADDED from src\main\AndroidManifest.xml:129:13-74
	android:theme
		ADDED from src\main\AndroidManifest.xml:131:13-72
	android:name
		ADDED from src\main\AndroidManifest.xml:128:13-63
activity#com.mob.tools.MobUIShell
ADDED from src\main\AndroidManifest.xml:133:9-137:69
	android:windowSoftInputMode
		ADDED from src\main\AndroidManifest.xml:137:13-67
	android:configChanges
		ADDED from src\main\AndroidManifest.xml:136:13-74
	android:theme
		ADDED from src\main\AndroidManifest.xml:135:13-72
	android:name
		ADDED from src\main\AndroidManifest.xml:134:13-52
meta-data#Mob-AppKey
ADDED from src\main\AndroidManifest.xml:139:9-77
	android:value
		ADDED from src\main\AndroidManifest.xml:139:46-75
	android:name
		ADDED from src\main\AndroidManifest.xml:139:20-45
meta-data#Mob-AppSecret
ADDED from src\main\AndroidManifest.xml:140:9-99
	android:value
		ADDED from src\main\AndroidManifest.xml:140:49-97
	android:name
		ADDED from src\main\AndroidManifest.xml:140:20-48
activity#cn.jpush.android.ui.PopWinActivity
ADDED from src\main\AndroidManifest.xml:144:9-148:20
	android:exported
		ADDED from src\main\AndroidManifest.xml:147:13-37
	android:theme
		ADDED from src\main\AndroidManifest.xml:146:13-49
	android:name
		ADDED from src\main\AndroidManifest.xml:145:13-62
activity#cn.jpush.android.ui.PushActivity
ADDED from src\main\AndroidManifest.xml:151:9-161:20
	android:exported
		ADDED from src\main\AndroidManifest.xml:155:13-37
	android:configChanges
		ADDED from src\main\AndroidManifest.xml:153:13-63
	android:theme
		ADDED from src\main\AndroidManifest.xml:154:13-60
	android:name
		ADDED from src\main\AndroidManifest.xml:152:13-60
intent-filter#android.intent.category.DEFAULT+cn.jpush.android.ui.PushActivity+com.iyoho.social
ADDED from src\main\AndroidManifest.xml:156:13-160:29
action#cn.jpush.android.ui.PushActivity
ADDED from src\main\AndroidManifest.xml:157:17-75
	android:name
		ADDED from src\main\AndroidManifest.xml:157:25-72
category#com.iyoho.social
ADDED from src\main\AndroidManifest.xml:159:17-61
	android:name
		ADDED from src\main\AndroidManifest.xml:159:27-58
service#cn.jpush.android.service.PushService
ADDED from src\main\AndroidManifest.xml:165:9-175:19
	android:process
		ADDED from src\main\AndroidManifest.xml:167:13-36
	android:exported
		ADDED from src\main\AndroidManifest.xml:168:13-37
	android:name
		ADDED from src\main\AndroidManifest.xml:166:13-64
intent-filter#cn.jpush.android.intent.PUSH_TIME+cn.jpush.android.intent.PushService+cn.jpush.android.intent.REGISTER+cn.jpush.android.intent.REPORT
ADDED from src\main\AndroidManifest.xml:169:13-174:29
action#cn.jpush.android.intent.REGISTER
ADDED from src\main\AndroidManifest.xml:170:17-75
	android:name
		ADDED from src\main\AndroidManifest.xml:170:25-72
action#cn.jpush.android.intent.REPORT
ADDED from src\main\AndroidManifest.xml:171:17-73
	android:name
		ADDED from src\main\AndroidManifest.xml:171:25-70
action#cn.jpush.android.intent.PushService
ADDED from src\main\AndroidManifest.xml:172:17-78
	android:name
		ADDED from src\main\AndroidManifest.xml:172:25-75
action#cn.jpush.android.intent.PUSH_TIME
ADDED from src\main\AndroidManifest.xml:173:17-76
	android:name
		ADDED from src\main\AndroidManifest.xml:173:25-73
provider#cn.jpush.android.service.DataProvider
ADDED from src\main\AndroidManifest.xml:177:9-181:15
	android:authorities
		ADDED from src\main\AndroidManifest.xml:178:13-64
	android:exported
		ADDED from src\main\AndroidManifest.xml:180:13-36
	android:name
		ADDED from src\main\AndroidManifest.xml:179:13-65
receiver#cn.jpush.android.service.PushReceiver
ADDED from src\main\AndroidManifest.xml:184:9-203:20
	android:enabled
		ADDED from src\main\AndroidManifest.xml:186:13-35
	android:exported
		ADDED from src\main\AndroidManifest.xml:187:13-37
	android:name
		ADDED from src\main\AndroidManifest.xml:185:13-65
intent-filter#cn.jpush.android.intent.NOTIFICATION_RECEIVED_PROXY+com.iyoho.social
ADDED from src\main\AndroidManifest.xml:188:13-191:29
	android:priority
		ADDED from src\main\AndroidManifest.xml:188:28-51
action#cn.jpush.android.intent.NOTIFICATION_RECEIVED_PROXY
ADDED from src\main\AndroidManifest.xml:189:17-94
	android:name
		ADDED from src\main\AndroidManifest.xml:189:25-91
intent-filter#android.intent.action.USER_PRESENT+android.net.conn.CONNECTIVITY_CHANGE
ADDED from src\main\AndroidManifest.xml:192:13-195:29
action#android.intent.action.USER_PRESENT
ADDED from src\main\AndroidManifest.xml:193:17-77
	android:name
		ADDED from src\main\AndroidManifest.xml:193:25-74
action#android.net.conn.CONNECTIVITY_CHANGE
ADDED from src\main\AndroidManifest.xml:194:17-79
	android:name
		ADDED from src\main\AndroidManifest.xml:194:25-76
intent-filter#android.intent.action.PACKAGE_ADDED+android.intent.action.PACKAGE_REMOVED
ADDED from src\main\AndroidManifest.xml:197:13-202:29
action#android.intent.action.PACKAGE_ADDED
ADDED from src\main\AndroidManifest.xml:198:17-78
	android:name
		ADDED from src\main\AndroidManifest.xml:198:25-75
action#android.intent.action.PACKAGE_REMOVED
ADDED from src\main\AndroidManifest.xml:199:17-80
	android:name
		ADDED from src\main\AndroidManifest.xml:199:25-77
receiver#cn.jpush.android.service.AlarmReceiver
ADDED from src\main\AndroidManifest.xml:206:9-99
	android:exported
		ADDED from src\main\AndroidManifest.xml:206:73-97
	android:name
		ADDED from src\main\AndroidManifest.xml:206:19-72
receiver#com.iyoho.social.jpush.MyReceiver
ADDED from src\main\AndroidManifest.xml:209:9-221:20
	android:enabled
		ADDED from src\main\AndroidManifest.xml:212:13-35
	android:exported
		ADDED from src\main\AndroidManifest.xml:211:13-37
	android:name
		ADDED from src\main\AndroidManifest.xml:210:13-45
intent-filter#cn.jpush.android.intent.CONNECTION+cn.jpush.android.intent.MESSAGE_RECEIVED+cn.jpush.android.intent.NOTIFICATION_OPENED+cn.jpush.android.intent.NOTIFICATION_RECEIVED+cn.jpush.android.intent.REGISTRATION+com.iyoho.social
ADDED from src\main\AndroidManifest.xml:213:13-220:29
action#cn.jpush.android.intent.REGISTRATION
ADDED from src\main\AndroidManifest.xml:214:17-79
	android:name
		ADDED from src\main\AndroidManifest.xml:214:25-76
action#cn.jpush.android.intent.MESSAGE_RECEIVED
ADDED from src\main\AndroidManifest.xml:215:17-83
	android:name
		ADDED from src\main\AndroidManifest.xml:215:25-80
action#cn.jpush.android.intent.NOTIFICATION_RECEIVED
ADDED from src\main\AndroidManifest.xml:216:17-88
	android:name
		ADDED from src\main\AndroidManifest.xml:216:25-85
action#cn.jpush.android.intent.NOTIFICATION_OPENED
ADDED from src\main\AndroidManifest.xml:217:17-86
	android:name
		ADDED from src\main\AndroidManifest.xml:217:25-83
action#cn.jpush.android.intent.CONNECTION
ADDED from src\main\AndroidManifest.xml:218:17-77
	android:name
		ADDED from src\main\AndroidManifest.xml:218:25-74
meta-data#JPUSH_CHANNEL
ADDED from src\main\AndroidManifest.xml:225:9-84
	android:value
		ADDED from src\main\AndroidManifest.xml:225:49-82
	android:name
		ADDED from src\main\AndroidManifest.xml:225:20-48
meta-data#JPUSH_APPKEY
ADDED from src\main\AndroidManifest.xml:226:9-91
	android:value
		ADDED from src\main\AndroidManifest.xml:226:48-88
	android:name
		ADDED from src\main\AndroidManifest.xml:226:20-47
meta-data#com.baidu.lbsapi.API_KEY
ADDED from src\main\AndroidManifest.xml:229:9-231:64
	android:value
		ADDED from src\main\AndroidManifest.xml:231:13-61
	android:name
		ADDED from src\main\AndroidManifest.xml:230:13-52
service#com.baidu.location.f
ADDED from src\main\AndroidManifest.xml:232:9-114
	android:enabled
		ADDED from src\main\AndroidManifest.xml:232:54-76
	android:process
		ADDED from src\main\AndroidManifest.xml:232:77-102
	android:name
		ADDED from src\main\AndroidManifest.xml:232:18-53
provider#android.support.v4.content.FileProvider
ADDED from src\main\AndroidManifest.xml:235:9-243:20
	android:authorities
		ADDED from src\main\AndroidManifest.xml:237:13-64
	android:grantUriPermissions
		ADDED from src\main\AndroidManifest.xml:239:13-47
	android:exported
		ADDED from src\main\AndroidManifest.xml:238:13-37
	android:name
		ADDED from src\main\AndroidManifest.xml:236:13-67
meta-data#android.support.FILE_PROVIDER_PATHS
ADDED from src\main\AndroidManifest.xml:240:13-242:55
	android:resource
		ADDED from src\main\AndroidManifest.xml:242:17-53
	android:name
		ADDED from src\main\AndroidManifest.xml:241:17-67
activity#com.iyoho.social.activity.message.ConversationActivity
ADDED from src\main\AndroidManifest.xml:244:9-256:40
	android:screenOrientation
		ADDED from src\main\AndroidManifest.xml:245:19-55
	android:windowSoftInputMode
		ADDED from src\main\AndroidManifest.xml:246:19-73
	android:name
		ADDED from src\main\AndroidManifest.xml:244:19-72
uses-sdk
INJECTED from src\main\AndroidManifest.xml reason: use-sdk injection requested
MERGED from [YohoSocial6:imgselectlibrary:unspecified] AndroidManifest.xml:7:5-9:41
MERGED from [com.commit451:PhotoView:1.2.4] AndroidManifest.xml:8:5-10:41
MERGED from [com.isseiaoki:simplecropview:1.0.13] AndroidManifest.xml:7:5-9:41
MERGED from [com.yuyh.easyadapter:library:1.0.0] AndroidManifest.xml:7:5-9:41
MERGED from [com.android.support:recyclerview-v7:26.0.0-alpha1] AndroidManifest.xml:20:5-44
MERGED from [io.reactivex:rxandroid:1.2.1] AndroidManifest.xml:19:5-43
MERGED from [YohoSocial6:GlideImageView:unspecified] AndroidManifest.xml:7:5-9:41
MERGED from [YohoSocial6:swipetoloadlayoutlibrary:unspecified] AndroidManifest.xml:8:5-10:41
MERGED from [com.github.hotchemi:permissionsdispatcher:2.1.3] AndroidManifest.xml:6:5-9:55
MERGED from [com.android.support:appcompat-v7:26.0.0-alpha1] AndroidManifest.xml:21:5-23:78
MERGED from [com.android.support:animated-vector-drawable:26.0.0-alpha1] AndroidManifest.xml:20:5-44
MERGED from [com.android.support:support-vector-drawable:26.0.0-alpha1] AndroidManifest.xml:20:5-44
MERGED from [com.zhousf.lib:okhttp3:2.9.1.2] AndroidManifest.xml:7:5-9:41
MERGED from [im.quar:autolayout:1.0.4] AndroidManifest.xml:5:5-43
MERGED from [com.android.support.constraint:constraint-layout:1.0.2] AndroidManifest.xml:5:5-7:41
MERGED from [:smssdk:] AndroidManifest.xml:7:5-9:41
MERGED from [:smssdkgui:] AndroidManifest.xml:7:5-9:41
MERGED from [YohoSocial6:IMKit:unspecified] AndroidManifest.xml:7:5-9:41
MERGED from [com.android.support:support-v4:26.0.0-alpha1] AndroidManifest.xml:21:5-23:54
MERGED from [com.android.support:support-media-compat:26.0.0-alpha1] AndroidManifest.xml:21:5-23:63
MERGED from [com.android.support:support-fragment:26.0.0-alpha1] AndroidManifest.xml:21:5-23:60
MERGED from [com.android.support:support-core-ui:26.0.0-alpha1] AndroidManifest.xml:21:5-23:58
MERGED from [com.android.support:support-core-utils:26.0.0-alpha1] AndroidManifest.xml:21:5-23:61
MERGED from [com.android.support:support-compat:26.0.0-alpha1] AndroidManifest.xml:21:5-23:58
MERGED from [YohoSocial6:IMLib:unspecified] AndroidManifest.xml:7:5-9:41
	tools:overrideLibrary
		ADDED from [com.github.hotchemi:permissionsdispatcher:2.1.3] AndroidManifest.xml:9:9-52
	android:targetSdkVersion
		INJECTED from src\main\AndroidManifest.xml
		INJECTED from src\main\AndroidManifest.xml
	android:minSdkVersion
		INJECTED from src\main\AndroidManifest.xml
		INJECTED from src\main\AndroidManifest.xml
activity#social.iyoho.com.imgselectlibrary.view.ImageSelectorActivity
ADDED from [YohoSocial6:imgselectlibrary:unspecified] AndroidManifest.xml:18:9-22:70
	android:screenOrientation
		ADDED from [YohoSocial6:imgselectlibrary:unspecified] AndroidManifest.xml:20:13-49
	android:windowSoftInputMode
		ADDED from [YohoSocial6:imgselectlibrary:unspecified] AndroidManifest.xml:22:13-67
	android:theme
		ADDED from [YohoSocial6:imgselectlibrary:unspecified] AndroidManifest.xml:21:13-44
	android:name
		ADDED from [YohoSocial6:imgselectlibrary:unspecified] AndroidManifest.xml:19:13-88
activity#social.iyoho.com.imgselectlibrary.view.ImagePreviewActivity
ADDED from [YohoSocial6:imgselectlibrary:unspecified] AndroidManifest.xml:23:9-27:70
	android:screenOrientation
		ADDED from [YohoSocial6:imgselectlibrary:unspecified] AndroidManifest.xml:25:13-49
	android:windowSoftInputMode
		ADDED from [YohoSocial6:imgselectlibrary:unspecified] AndroidManifest.xml:27:13-67
	android:theme
		ADDED from [YohoSocial6:imgselectlibrary:unspecified] AndroidManifest.xml:26:13-44
	android:name
		ADDED from [YohoSocial6:imgselectlibrary:unspecified] AndroidManifest.xml:24:13-87
activity#social.iyoho.com.imgselectlibrary.view.ImageCropActivity
ADDED from [YohoSocial6:imgselectlibrary:unspecified] AndroidManifest.xml:28:9-32:70
	android:screenOrientation
		ADDED from [YohoSocial6:imgselectlibrary:unspecified] AndroidManifest.xml:30:13-49
	android:windowSoftInputMode
		ADDED from [YohoSocial6:imgselectlibrary:unspecified] AndroidManifest.xml:32:13-67
	android:theme
		ADDED from [YohoSocial6:imgselectlibrary:unspecified] AndroidManifest.xml:31:13-44
	android:name
		ADDED from [YohoSocial6:imgselectlibrary:unspecified] AndroidManifest.xml:29:13-84
meta-data#android.support.VERSION
ADDED from [com.android.support:recyclerview-v7:26.0.0-alpha1] AndroidManifest.xml:22:5-24:41
MERGED from [com.android.support:appcompat-v7:26.0.0-alpha1] AndroidManifest.xml:25:5-27:41
MERGED from [com.android.support:animated-vector-drawable:26.0.0-alpha1] AndroidManifest.xml:22:5-24:41
MERGED from [com.android.support:support-vector-drawable:26.0.0-alpha1] AndroidManifest.xml:22:5-24:41
MERGED from [com.android.support:support-v4:26.0.0-alpha1] AndroidManifest.xml:25:5-27:41
MERGED from [com.android.support:support-media-compat:26.0.0-alpha1] AndroidManifest.xml:25:5-27:41
MERGED from [com.android.support:support-fragment:26.0.0-alpha1] AndroidManifest.xml:25:5-27:41
MERGED from [com.android.support:support-core-ui:26.0.0-alpha1] AndroidManifest.xml:25:5-27:41
MERGED from [com.android.support:support-core-utils:26.0.0-alpha1] AndroidManifest.xml:25:5-27:41
MERGED from [com.android.support:support-compat:26.0.0-alpha1] AndroidManifest.xml:25:5-27:41
	android:value
		ADDED from [com.android.support:recyclerview-v7:26.0.0-alpha1] AndroidManifest.xml:24:9-38
	android:name
		ADDED from [com.android.support:recyclerview-v7:26.0.0-alpha1] AndroidManifest.xml:23:9-47
uses-permission#android.permission.RECORD_AUDIO
ADDED from [YohoSocial6:IMKit:unspecified] AndroidManifest.xml:21:5-71
MERGED from [YohoSocial6:IMLib:unspecified] AndroidManifest.xml:16:5-71
	android:name
		ADDED from [YohoSocial6:IMKit:unspecified] AndroidManifest.xml:21:22-68
uses-permission#android.permission.MODIFY_AUDIO_SETTINGS
ADDED from [YohoSocial6:IMKit:unspecified] AndroidManifest.xml:24:5-80
MERGED from [YohoSocial6:IMLib:unspecified] AndroidManifest.xml:19:5-80
	android:name
		ADDED from [YohoSocial6:IMKit:unspecified] AndroidManifest.xml:24:22-77
uses-permission#android.permission.INTERACT_ACROSS_USERS_FULL
ADDED from [YohoSocial6:IMKit:unspecified] AndroidManifest.xml:28:5-85
	android:name
		ADDED from [YohoSocial6:IMKit:unspecified] AndroidManifest.xml:28:22-82
uses-permission#android.permission.PROCESS_OUTGOING_CALLS
ADDED from [YohoSocial6:IMKit:unspecified] AndroidManifest.xml:29:5-81
	android:name
		ADDED from [YohoSocial6:IMKit:unspecified] AndroidManifest.xml:29:22-78
activity#io.rong.imkit.plugin.location.AMapLocationActivity
ADDED from [YohoSocial6:IMKit:unspecified] AndroidManifest.xml:34:9-87
	android:name
		ADDED from [YohoSocial6:IMKit:unspecified] AndroidManifest.xml:34:19-84
activity#io.rong.imkit.plugin.location.AMapPreviewActivity
ADDED from [YohoSocial6:IMKit:unspecified] AndroidManifest.xml:35:9-86
	android:name
		ADDED from [YohoSocial6:IMKit:unspecified] AndroidManifest.xml:35:19-83
activity#io.rong.imkit.plugin.location.AMapRealTimeActivity
ADDED from [YohoSocial6:IMKit:unspecified] AndroidManifest.xml:36:9-87
	android:name
		ADDED from [YohoSocial6:IMKit:unspecified] AndroidManifest.xml:36:19-84
activity#io.rong.imkit.plugin.image.PictureSelectorActivity
ADDED from [YohoSocial6:IMKit:unspecified] AndroidManifest.xml:37:9-39:52
	android:screenOrientation
		ADDED from [YohoSocial6:IMKit:unspecified] AndroidManifest.xml:39:13-49
	android:name
		ADDED from [YohoSocial6:IMKit:unspecified] AndroidManifest.xml:38:13-78